0 info it worked if it ends with ok
1 verbose cli [ 'node', '/usr/local/bin/npm', 'install', '-g', 'stulus' ]
2 info using npm@1.4.28
3 info using node@v0.10.32
4 verbose cache add [ 'stulus', null ]
5 verbose cache add name=undefined spec="stulus" args=["stulus",null]
6 verbose parsed url { protocol: null,
6 verbose parsed url   slashes: null,
6 verbose parsed url   auth: null,
6 verbose parsed url   host: null,
6 verbose parsed url   port: null,
6 verbose parsed url   hostname: null,
6 verbose parsed url   hash: null,
6 verbose parsed url   search: null,
6 verbose parsed url   query: null,
6 verbose parsed url   pathname: 'stulus',
6 verbose parsed url   path: 'stulus',
6 verbose parsed url   href: 'stulus' }
7 silly lockFile c657215d-stulus stulus
8 verbose lock stulus /Users/Titan/.npm/c657215d-stulus.lock
9 silly lockFile c657215d-stulus stulus
10 silly lockFile c657215d-stulus stulus
11 verbose addNamed [ 'stulus', '' ]
12 verbose addNamed [ null, '*' ]
13 silly lockFile 5e45d7db-stulus stulus@
14 verbose lock stulus@ /Users/Titan/.npm/5e45d7db-stulus.lock
15 silly addNameRange { name: 'stulus', range: '*', hasData: false }
16 verbose request where is /stulus
17 verbose request registry https://registry.npmjs.org/
18 verbose request id 85dee887b5107fc1
19 verbose url raw /stulus
20 verbose url resolving [ 'https://registry.npmjs.org/', './stulus' ]
21 verbose url resolved https://registry.npmjs.org/stulus
22 verbose request where is https://registry.npmjs.org/stulus
23 info trying registry request attempt 1 at 16:41:50
24 http GET https://registry.npmjs.org/stulus
25 http 404 https://registry.npmjs.org/stulus
26 verbose headers { server: 'CouchDB/1.5.0 (Erlang OTP/R16B03)',
26 verbose headers   'content-type': 'application/json',
26 verbose headers   'cache-control': 'max-age=0',
26 verbose headers   'content-length': '51',
26 verbose headers   'accept-ranges': 'bytes',
26 verbose headers   date: 'Mon, 29 Jun 2015 23:41:50 GMT',
26 verbose headers   via: '1.1 varnish',
26 verbose headers   age: '0',
26 verbose headers   connection: 'keep-alive',
26 verbose headers   'x-served-by': 'cache-atl6228-ATL',
26 verbose headers   'x-cache': 'MISS',
26 verbose headers   'x-cache-hits': '0',
26 verbose headers   'x-timer': 'S1435621310.726216,VS0,VE36' }
27 silly registry.get cb [ 404,
27 silly registry.get   { server: 'CouchDB/1.5.0 (Erlang OTP/R16B03)',
27 silly registry.get     'content-type': 'application/json',
27 silly registry.get     'cache-control': 'max-age=0',
27 silly registry.get     'content-length': '51',
27 silly registry.get     'accept-ranges': 'bytes',
27 silly registry.get     date: 'Mon, 29 Jun 2015 23:41:50 GMT',
27 silly registry.get     via: '1.1 varnish',
27 silly registry.get     age: '0',
27 silly registry.get     connection: 'keep-alive',
27 silly registry.get     'x-served-by': 'cache-atl6228-ATL',
27 silly registry.get     'x-cache': 'MISS',
27 silly registry.get     'x-cache-hits': '0',
27 silly registry.get     'x-timer': 'S1435621310.726216,VS0,VE36' } ]
28 silly lockFile 5e45d7db-stulus stulus@
29 silly lockFile 5e45d7db-stulus stulus@
30 error 404 404 Not Found: stulus
30 error 404
30 error 404 'stulus' is not in the npm registry.
30 error 404 You should bug the author to publish it
30 error 404
30 error 404 Note that you can also install from a
30 error 404 tarball, folder, or http url, or git url.
31 error System Darwin 14.0.0
32 error command "node" "/usr/local/bin/npm" "install" "-g" "stulus"
33 error cwd /Users/Titan/Development/map_game
34 error node -v v0.10.32
35 error npm -v 1.4.28
36 error code E404
37 verbose exit [ 1, true ]
